<?xml version="1.0" encoding="UTF-8"?>
<!-- Generated by org.testng.reporters.JUnitXMLReporter -->
<testsuite hostname="ADMINIB-D2MM1F7" name="Test5" tests="3" failures="0" timestamp="27 Jun 2016 08:03:52 GMT" time="112.858" errors="0">
  <testcase name="login_bp" time="0.0" classname="Maven_package.Test_Submit_Extension_form">
    <skipped/>
  </testcase> <!-- login_bp -->
  <testcase name="login_w3" time="0.0" classname="Maven_package.Test_Submit_Extension_form">
    <skipped/>
  </testcase> <!-- login_w3 -->
  <testcase name="Submit_extension" time="110.064" classname="Maven_package.Test_Submit_Extension_form"/>
</testsuite> <!-- Test5 -->
