<?xml version="1.0" encoding="UTF-8"?>
<!-- Generated by org.testng.reporters.JUnitXMLReporter -->
<testsuite hostname="ADMINIB-D2MM1F7" name="Command line test" tests="44" failures="36" timestamp="31 Aug 2016 11:30:52 GMT" time="655.212" errors="0">
  <testcase name="Inc_systemstorage" time="0.315" classname="maven_package_1.Test_Incomplete_reprocess_system_storage">
    <failure type="java.lang.NullPointerException">
      <![CDATA[java.lang.NullPointerException
	at java.util.Properties$LineReader.readLine(Properties.java:434)
	at java.util.Properties.load0(Properties.java:353)
	at java.util.Properties.load(Properties.java:341)
	at resources.Property_use.property(Property_use.java:27)
	at maven_package_3.Incomplete_System_storage.Inc_systemstorage(Incomplete_System_storage.java:33)
... Removed 34 stack frames]]>
    </failure>
  </testcase> <!-- Inc_systemstorage -->
  <testcase name="Test_Inc_Rep" time="0.0" classname="maven_package_1.Test_Incomplete_reprocess_system_storage">
    <failure type="java.lang.NullPointerException">
      <![CDATA[java.lang.NullPointerException
	at java.util.Properties$LineReader.readLine(Properties.java:434)
	at java.util.Properties.load0(Properties.java:353)
	at java.util.Properties.load(Properties.java:341)
	at resources.Property_use.property(Property_use.java:27)
	at maven_package_1.Test_Incomplete_reprocess_system_storage.Test_Inc_Rep(Test_Incomplete_reprocess_system_storage.java:38)
... Removed 34 stack frames]]>
    </failure>
  </testcase> <!-- Test_Inc_Rep -->
  <testcase name="login_bp" time="0.0" classname="maven_package_1.Test_GPP_Validation_Power_System">
    <skipped/>
  </testcase> <!-- login_bp -->
  <testcase name="login_w3" time="0.0" classname="maven_package_1.Test_GPP_Validation_Power_System">
    <skipped/>
  </testcase> <!-- login_w3 -->
  <testcase name="gpp_validation" time="0.001" classname="maven_package_1.Test_GPP_Validation_Power_System">
    <failure type="java.lang.NullPointerException">
      <![CDATA[java.lang.NullPointerException
	at java.util.Properties$LineReader.readLine(Properties.java:434)
	at java.util.Properties.load0(Properties.java:353)
	at java.util.Properties.load(Properties.java:341)
	at resources.Property_use.property(Property_use.java:27)
	at maven_package_1.Test_GPP_Validation_Power_System.gpp_validation(Test_GPP_Validation_Power_System.java:52)
... Removed 34 stack frames]]>
    </failure>
  </testcase> <!-- gpp_validation -->
  <testcase name="login_bp" time="0.0" classname="maven_package_1.Test_GPP_Validation_System_storage">
    <skipped/>
  </testcase> <!-- login_bp -->
  <testcase name="login_w3" time="0.0" classname="maven_package_1.Test_GPP_Validation_System_storage">
    <skipped/>
  </testcase> <!-- login_w3 -->
  <testcase name="gpp_validation_system" time="0.0" classname="maven_package_1.Test_GPP_Validation_System_storage">
    <failure type="java.lang.NullPointerException">
      <![CDATA[java.lang.NullPointerException
	at java.util.Properties$LineReader.readLine(Properties.java:434)
	at java.util.Properties.load0(Properties.java:353)
	at java.util.Properties.load(Properties.java:341)
	at resources.Property_use.property(Property_use.java:27)
	at maven_package_1.Test_GPP_Validation_System_storage.gpp_validation_system(Test_GPP_Validation_System_storage.java:48)
... Removed 34 stack frames]]>
    </failure>
  </testcase> <!-- gpp_validation_system -->
  <testcase name="login_bp" time="0.0" classname="maven_package_1.Test_Submit_Extension_form_powersystem">
    <skipped/>
  </testcase> <!-- login_bp -->
  <testcase name="login_w3" time="0.0" classname="maven_package_1.Test_Submit_Extension_form_powersystem">
    <skipped/>
  </testcase> <!-- login_w3 -->
  <testcase name="Submit_extension_powersystem" time="0.001" classname="maven_package_1.Test_Submit_Extension_form_powersystem">
    <failure type="java.lang.NullPointerException">
      <![CDATA[java.lang.NullPointerException
	at java.util.Properties$LineReader.readLine(Properties.java:434)
	at java.util.Properties.load0(Properties.java:353)
	at java.util.Properties.load(Properties.java:341)
	at resources.Property_use.property(Property_use.java:27)
	at maven_package_1.Test_Submit_Extension_form_powersystem.Submit_extension_powersystem(Test_Submit_Extension_form_powersystem.java:45)
... Removed 34 stack frames]]>
    </failure>
  </testcase> <!-- Submit_extension_powersystem -->
  <testcase name="login_bp" time="0.0" classname="maven_package_1.Test_default_template_for_extend_power_system">
    <skipped/>
  </testcase> <!-- login_bp -->
  <testcase name="login_w3" time="0.0" classname="maven_package_1.Test_default_template_for_extend_power_system">
    <skipped/>
  </testcase> <!-- login_w3 -->
  <testcase name="Default_template_power_extend" time="0.0" classname="maven_package_1.Test_default_template_for_extend_power_system">
    <failure type="java.lang.NullPointerException">
      <![CDATA[java.lang.NullPointerException
	at java.util.Properties$LineReader.readLine(Properties.java:434)
	at java.util.Properties.load0(Properties.java:353)
	at java.util.Properties.load(Properties.java:341)
	at resources.Property_use.property(Property_use.java:27)
	at maven_package_1.Test_default_template_for_extend_power_system.Default_template_power_extend(Test_default_template_for_extend_power_system.java:38)
... Removed 34 stack frames]]>
    </failure>
  </testcase> <!-- Default_template_power_extend -->
  <testcase name="f" time="0.007" classname="maven_package_2.TestAddComment">
    <failure type="java.lang.NullPointerException">
      <![CDATA[java.lang.NullPointerException
	at java.util.Properties$LineReader.readLine(Properties.java:434)
	at java.util.Properties.load0(Properties.java:353)
	at java.util.Properties.load(Properties.java:341)
	at maven_package_2.TestAddComment.f(TestAddComment.java:57)
... Removed 34 stack frames]]>
    </failure>
  </testcase> <!-- f -->
  <testcase name="f_2842" time="0.005" classname="maven_package_2.TestCase2842">
    <failure type="java.lang.NullPointerException">
      <![CDATA[java.lang.NullPointerException
	at java.util.Properties$LineReader.readLine(Properties.java:434)
	at java.util.Properties.load0(Properties.java:353)
	at java.util.Properties.load(Properties.java:341)
	at maven_package_2.TestCase2842.f_2842(TestCase2842.java:46)
... Removed 34 stack frames]]>
    </failure>
  </testcase> <!-- f_2842 -->
  <testcase name="f_2842_power" time="0.008" classname="maven_package_2.TestCase2842_power">
    <failure type="java.lang.NullPointerException">
      <![CDATA[java.lang.NullPointerException
	at java.util.Properties$LineReader.readLine(Properties.java:434)
	at java.util.Properties.load0(Properties.java:353)
	at java.util.Properties.load(Properties.java:341)
	at maven_package_2.TestCase2842_power.f_2842_power(TestCase2842_power.java:45)
... Removed 34 stack frames]]>
    </failure>
  </testcase> <!-- f_2842_power -->
  <testcase name="f_3497" time="0.007" classname="maven_package_2.TestCase3497">
    <failure type="java.lang.NullPointerException">
      <![CDATA[java.lang.NullPointerException
	at java.util.Properties$LineReader.readLine(Properties.java:434)
	at java.util.Properties.load0(Properties.java:353)
	at java.util.Properties.load(Properties.java:341)
	at maven_package_2.TestCase3497.f_3497(TestCase3497.java:67)
... Removed 34 stack frames]]>
    </failure>
  </testcase> <!-- f_3497 -->
  <testcase name="f_3497_linuxOne" time="0.008" classname="maven_package_2.TestCase3497_linuxOne">
    <failure type="java.lang.NullPointerException">
      <![CDATA[java.lang.NullPointerException
	at java.util.Properties$LineReader.readLine(Properties.java:434)
	at java.util.Properties.load0(Properties.java:353)
	at java.util.Properties.load(Properties.java:341)
	at maven_package_2.TestCase3497_linuxOne.f_3497_linuxOne(TestCase3497_linuxOne.java:57)
... Removed 34 stack frames]]>
    </failure>
  </testcase> <!-- f_3497_linuxOne -->
  <testcase name="f_3497_power" time="0.017" classname="maven_package_2.TestCase3497_power">
    <failure type="java.lang.NullPointerException">
      <![CDATA[java.lang.NullPointerException
	at java.util.Properties$LineReader.readLine(Properties.java:434)
	at java.util.Properties.load0(Properties.java:353)
	at java.util.Properties.load(Properties.java:341)
	at maven_package_2.TestCase3497_power.f_3497_power(TestCase3497_power.java:57)
... Removed 34 stack frames]]>
    </failure>
  </testcase> <!-- f_3497_power -->
  <testcase name="f_3505" time="0.007" classname="maven_package_2.TestCase3505">
    <failure type="java.lang.NullPointerException">
      <![CDATA[java.lang.NullPointerException
	at java.util.Properties$LineReader.readLine(Properties.java:434)
	at java.util.Properties.load0(Properties.java:353)
	at java.util.Properties.load(Properties.java:341)
	at maven_package_2.TestCase3505.f_3505(TestCase3505.java:51)
... Removed 34 stack frames]]>
    </failure>
  </testcase> <!-- f_3505 -->
  <testcase name="f_3505_LinuxOne" time="0.007" classname="maven_package_2.TestCase3505_LinuxOne">
    <failure type="java.lang.NullPointerException">
      <![CDATA[java.lang.NullPointerException
	at java.util.Properties$LineReader.readLine(Properties.java:434)
	at java.util.Properties.load0(Properties.java:353)
	at java.util.Properties.load(Properties.java:341)
	at maven_package_2.TestCase3505_LinuxOne.f_3505_LinuxOne(TestCase3505_LinuxOne.java:54)
... Removed 34 stack frames]]>
    </failure>
  </testcase> <!-- f_3505_LinuxOne -->
  <testcase name="f_3505_power" time="0.007" classname="maven_package_2.TestCase3505_power">
    <failure type="java.lang.NullPointerException">
      <![CDATA[java.lang.NullPointerException
	at java.util.Properties$LineReader.readLine(Properties.java:434)
	at java.util.Properties.load0(Properties.java:353)
	at java.util.Properties.load(Properties.java:341)
	at maven_package_2.TestCase3505_power.f_3505_power(TestCase3505_power.java:51)
... Removed 34 stack frames]]>
    </failure>
  </testcase> <!-- f_3505_power -->
  <testcase name="f" time="25.167" classname="maven_package_2.TestCode">
    <failure type="org.openqa.selenium.remote.UnreachableBrowserException" message="Error communicating with the remote browser. It may have died.
Build info: version: &amp;apos;2.53.0&amp;apos;, revision: &amp;apos;35ae25b1534ae328c771e0856c93e187490ca824&amp;apos;, time: &amp;apos;2016-03-15 10:43:46&amp;apos;
System info: host: &amp;apos;ADMINIB-D2MM1F7&amp;apos;, ip: &amp;apos;9.120.231.200&amp;apos;, os.name: &amp;apos;Windows 7&amp;apos;, os.arch: &amp;apos;amd64&amp;apos;, os.version: &amp;apos;6.1&amp;apos;, java.version: &amp;apos;1.7.0_51&amp;apos;
Driver info: driver.version: RemoteWebDriver
Session ID: cfcfb507-29fd-4524-9125-60d35d6e28df
Capabilities [{platform=WINDOWS, acceptSslCerts=true, javascriptEnabled=true, cssSelectorsEnabled=true, databaseEnabled=true, browserName=firefox, handlesAlerts=true, nativeEvents=false, webStorageEnabled=true, rotatable=false, locationContextEnabled=true, applicationCacheEnabled=true, takesScreenshot=true, version=45.0.1}]">
      <![CDATA[org.openqa.selenium.remote.UnreachableBrowserException: Error communicating with the remote browser. It may have died.
Build info: version: '2.53.0', revision: '35ae25b1534ae328c771e0856c93e187490ca824', time: '2016-03-15 10:43:46'
System info: host: 'ADMINIB-D2MM1F7', ip: '9.120.231.200', os.name: 'Windows 7', os.arch: 'amd64', os.version: '6.1', java.version: '1.7.0_51'
Driver info: driver.version: RemoteWebDriver
Session ID: cfcfb507-29fd-4524-9125-60d35d6e28df
Capabilities [{platform=WINDOWS, acceptSslCerts=true, javascriptEnabled=true, cssSelectorsEnabled=true, databaseEnabled=true, browserName=firefox, handlesAlerts=true, nativeEvents=false, webStorageEnabled=true, rotatable=false, locationContextEnabled=true, applicationCacheEnabled=true, takesScreenshot=true, version=45.0.1}]
	at org.openqa.selenium.remote.RemoteWebDriver.execute(RemoteWebDriver.java:665)
	at org.openqa.selenium.remote.RemoteWebDriver.get(RemoteWebDriver.java:316)
	at maven_package_2.TestCode.f(TestCode.java:26)
Caused by: org.apache.http.conn.HttpHostConnectException: Connect to 127.0.0.1:7055 [/127.0.0.1] failed: Connection refused: connect
	at org.apache.http.impl.conn.DefaultHttpClientConnectionOperator.connect(DefaultHttpClientConnectionOperator.java:151)
	at org.apache.http.impl.conn.PoolingHttpClientConnectionManager.connect(PoolingHttpClientConnectionManager.java:353)
	at org.apache.http.impl.execchain.MainClientExec.establishRoute(MainClientExec.java:380)
	at org.apache.http.impl.execchain.MainClientExec.execute(MainClientExec.java:236)
	at org.apache.http.impl.execchain.ProtocolExec.execute(ProtocolExec.java:184)
	at org.apache.http.impl.execchain.RetryExec.execute(RetryExec.java:88)
	at org.apache.http.impl.execchain.RedirectExec.execute(RedirectExec.java:110)
	at org.apache.http.impl.client.InternalHttpClient.doExecute(InternalHttpClient.java:184)
	at org.apache.http.impl.client.CloseableHttpClient.execute(CloseableHttpClient.java:71)
	at org.apache.http.impl.client.CloseableHttpClient.execute(CloseableHttpClient.java:55)
	at org.openqa.selenium.remote.internal.ApacheHttpClient.fallBackExecute(ApacheHttpClient.java:162)
	at org.openqa.selenium.remote.internal.ApacheHttpClient.execute(ApacheHttpClient.java:90)
	at org.openqa.selenium.remote.HttpCommandExecutor.execute(HttpCommandExecutor.java:142)
	at org.openqa.selenium.firefox.internal.NewProfileExtensionConnection.execute(NewProfileExtensionConnection.java:160)
	at org.openqa.selenium.firefox.FirefoxDriver$LazyCommandExecutor.execute(FirefoxDriver.java:380)
	at org.openqa.selenium.remote.RemoteWebDriver.execute(RemoteWebDriver.java:644)
	... 36 more
Caused by: java.net.ConnectException: Connection refused: connect
	at java.net.DualStackPlainSocketImpl.waitForConnect(Native Method)
	at java.net.DualStackPlainSocketImpl.socketConnect(DualStackPlainSocketImpl.java:85)
	at java.net.AbstractPlainSocketImpl.doConnect(AbstractPlainSocketImpl.java:339)
	at java.net.AbstractPlainSocketImpl.connectToAddress(AbstractPlainSocketImpl.java:200)
	at java.net.AbstractPlainSocketImpl.connect(AbstractPlainSocketImpl.java:182)
	at java.net.PlainSocketImpl.connect(PlainSocketImpl.java:172)
	at java.net.SocksSocketImpl.connect(SocksSocketImpl.java:392)
	at java.net.Socket.connect(Socket.java:579)
	at org.apache.http.conn.socket.PlainConnectionSocketFactory.connectSocket(PlainConnectionSocketFactory.java:74)
	at org.apache.http.impl.conn.DefaultHttpClientConnectionOperator.connect(DefaultHttpClientConnectionOperator.java:134)
	... 51 more
... Removed 34 stack frames]]>
    </failure>
  </testcase> <!-- f -->
  <testcase name="f_BlanketMicroflow" time="0.016" classname="maven_package_2.Test_BlanketMicroflow">
    <failure type="java.lang.NullPointerException">
      <![CDATA[java.lang.NullPointerException
	at java.util.Properties$LineReader.readLine(Properties.java:434)
	at java.util.Properties.load0(Properties.java:353)
	at java.util.Properties.load(Properties.java:341)
	at maven_package_2.Test_BlanketMicroflow.f_BlanketMicroflow(Test_BlanketMicroflow.java:43)
... Removed 34 stack frames]]>
    </failure>
  </testcase> <!-- f_BlanketMicroflow -->
  <testcase name="f_BlanketMicroflow_linuxOne" time="0.0" classname="maven_package_2.Test_BlanketMicroflow_linuxOne">
    <failure type="java.lang.NullPointerException">
      <![CDATA[java.lang.NullPointerException
	at java.util.Properties$LineReader.readLine(Properties.java:434)
	at java.util.Properties.load0(Properties.java:353)
	at java.util.Properties.load(Properties.java:341)
	at maven_package_2.Test_BlanketMicroflow_linuxOne.f_BlanketMicroflow_linuxOne(Test_BlanketMicroflow_linuxOne.java:41)
... Removed 34 stack frames]]>
    </failure>
  </testcase> <!-- f_BlanketMicroflow_linuxOne -->
  <testcase name="f_BlanketMicroflow_ps" time="0.0" classname="maven_package_2.Test_BlanketMicroflow_ps">
    <failure type="java.lang.NullPointerException">
      <![CDATA[java.lang.NullPointerException
	at java.util.Properties$LineReader.readLine(Properties.java:434)
	at java.util.Properties.load0(Properties.java:353)
	at java.util.Properties.load(Properties.java:341)
	at maven_package_2.Test_BlanketMicroflow_ps.f_BlanketMicroflow_ps(Test_BlanketMicroflow_ps.java:41)
... Removed 34 stack frames]]>
    </failure>
  </testcase> <!-- f_BlanketMicroflow_ps -->
  <testcase name="f_MSA_microflow" time="0.015" classname="maven_package_2.Test_MSA_microflow">
    <failure type="java.lang.NullPointerException">
      <![CDATA[java.lang.NullPointerException
	at java.util.Properties$LineReader.readLine(Properties.java:434)
	at java.util.Properties.load0(Properties.java:353)
	at java.util.Properties.load(Properties.java:341)
	at maven_package_2.Test_MSA_microflow.f_MSA_microflow(Test_MSA_microflow.java:42)
... Removed 34 stack frames]]>
    </failure>
  </testcase> <!-- f_MSA_microflow -->
  <testcase name="f_MSA_microflow_linuxOne" time="0.0" classname="maven_package_2.Test_MSA_microflow_linuxOne">
    <failure type="java.lang.NullPointerException">
      <![CDATA[java.lang.NullPointerException
	at java.util.Properties$LineReader.readLine(Properties.java:434)
	at java.util.Properties.load0(Properties.java:353)
	at java.util.Properties.load(Properties.java:341)
	at maven_package_2.Test_MSA_microflow_linuxOne.f_MSA_microflow_linuxOne(Test_MSA_microflow_linuxOne.java:40)
... Removed 34 stack frames]]>
    </failure>
  </testcase> <!-- f_MSA_microflow_linuxOne -->
  <testcase name="f_MSA_microflow_ps" time="0.0" classname="maven_package_2.Test_MSA_microflow_ps">
    <failure type="java.lang.NullPointerException">
      <![CDATA[java.lang.NullPointerException
	at java.util.Properties$LineReader.readLine(Properties.java:434)
	at java.util.Properties.load0(Properties.java:353)
	at java.util.Properties.load(Properties.java:341)
	at maven_package_2.Test_MSA_microflow_ps.f_MSA_microflow_ps(Test_MSA_microflow_ps.java:40)
... Removed 34 stack frames]]>
    </failure>
  </testcase> <!-- f_MSA_microflow_ps -->
  <testcase name="Test_Rej_linuxone" time="0.0" classname="maven_package_1.Test_Rejected_reprocess_LinuxONE">
    <failure type="java.lang.NullPointerException">
      <![CDATA[java.lang.NullPointerException
	at java.util.Properties$LineReader.readLine(Properties.java:434)
	at java.util.Properties.load0(Properties.java:353)
	at java.util.Properties.load(Properties.java:341)
	at resources.Property_use.property(Property_use.java:27)
	at maven_package_1.Test_Rejected_reprocess_LinuxONE.Test_Rej_linuxone(Test_Rejected_reprocess_LinuxONE.java:39)
... Removed 34 stack frames]]>
    </failure>
  </testcase> <!-- Test_Rej_linuxone -->
  <testcase name="Test_Rej_Rep" time="0.0" classname="maven_package_1.Test_Rejected_reprocess_power_system">
    <failure type="java.lang.NullPointerException">
      <![CDATA[java.lang.NullPointerException
	at java.util.Properties$LineReader.readLine(Properties.java:434)
	at java.util.Properties.load0(Properties.java:353)
	at java.util.Properties.load(Properties.java:341)
	at resources.Property_use.property(Property_use.java:27)
	at maven_package_1.Test_Rejected_reprocess_power_system.Test_Rej_Rep(Test_Rejected_reprocess_power_system.java:38)
... Removed 34 stack frames]]>
    </failure>
  </testcase> <!-- Test_Rej_Rep -->
  <testcase name="Submit_extension_LinuxONE" time="0.0" classname="maven_package_1.Test_Submit_Extension_form_LinuxONE">
    <failure type="java.lang.NullPointerException">
      <![CDATA[java.lang.NullPointerException
	at java.util.Properties$LineReader.readLine(Properties.java:434)
	at java.util.Properties.load0(Properties.java:353)
	at java.util.Properties.load(Properties.java:341)
	at resources.Property_use.property(Property_use.java:27)
	at maven_package_1.Test_Submit_Extension_form_LinuxONE.Submit_extension_LinuxONE(Test_Submit_Extension_form_LinuxONE.java:33)
... Removed 34 stack frames]]>
    </failure>
  </testcase> <!-- Submit_extension_LinuxONE -->
  <testcase name="Submit_extension_systemstorage" time="0.0" classname="maven_package_1.Test_Submit_Extension_form_systemstorage">
    <failure type="java.lang.NullPointerException">
      <![CDATA[java.lang.NullPointerException
	at java.util.Properties$LineReader.readLine(Properties.java:434)
	at java.util.Properties.load0(Properties.java:353)
	at java.util.Properties.load(Properties.java:341)
	at resources.Property_use.property(Property_use.java:27)
	at maven_package_1.Test_Submit_Extension_form_systemstorage.Submit_extension_systemstorage(Test_Submit_Extension_form_systemstorage.java:33)
... Removed 34 stack frames]]>
    </failure>
  </testcase> <!-- Submit_extension_systemstorage -->
  <testcase name="test_upd_from_app_linuxone" time="0.0" classname="maven_package_1.Test_Update_LinuxONE">
    <failure type="java.lang.NullPointerException">
      <![CDATA[java.lang.NullPointerException
	at java.util.Properties$LineReader.readLine(Properties.java:434)
	at java.util.Properties.load0(Properties.java:353)
	at java.util.Properties.load(Properties.java:341)
	at resources.Property_use.property(Property_use.java:27)
	at maven_package_1.Test_Update_LinuxONE.test_upd_from_app_linuxone(Test_Update_LinuxONE.java:40)
... Removed 34 stack frames]]>
    </failure>
  </testcase> <!-- test_upd_from_app_linuxone -->
  <testcase name="test_upd_from_app_PS" time="0.0" classname="maven_package_1.Test_Update_Power_system">
    <failure type="java.lang.NullPointerException">
      <![CDATA[java.lang.NullPointerException
	at java.util.Properties$LineReader.readLine(Properties.java:434)
	at java.util.Properties.load0(Properties.java:353)
	at java.util.Properties.load(Properties.java:341)
	at resources.Property_use.property(Property_use.java:27)
	at maven_package_1.Test_Update_Power_system.test_upd_from_app_PS(Test_Update_Power_system.java:39)
... Removed 34 stack frames]]>
    </failure>
  </testcase> <!-- test_upd_from_app_PS -->
  <testcase name="test_upd_from_app_SS" time="0.0" classname="maven_package_1.Test_Update_System_storage">
    <failure type="java.lang.NullPointerException">
      <![CDATA[java.lang.NullPointerException
	at java.util.Properties$LineReader.readLine(Properties.java:434)
	at java.util.Properties.load0(Properties.java:353)
	at java.util.Properties.load(Properties.java:341)
	at resources.Property_use.property(Property_use.java:27)
	at maven_package_1.Test_Update_System_storage.test_upd_from_app_SS(Test_Update_System_storage.java:40)
... Removed 34 stack frames]]>
    </failure>
  </testcase> <!-- test_upd_from_app_SS -->
  <testcase name="f_proxy_voting_power" time="0.015" classname="maven_package_2.Test_approve_ps">
    <failure type="java.lang.NullPointerException">
      <![CDATA[java.lang.NullPointerException
	at java.util.Properties$LineReader.readLine(Properties.java:434)
	at java.util.Properties.load0(Properties.java:353)
	at java.util.Properties.load(Properties.java:341)
	at maven_package_2.Test_approve_ps.f_proxy_voting_power(Test_approve_ps.java:47)
... Removed 34 stack frames]]>
    </failure>
  </testcase> <!-- f_proxy_voting_power -->
  <testcase name="Default_template_LinuxONE_update" time="0.937" classname="maven_package_1.Test_default_template_for_update_LinuxONE">
    <failure type="java.lang.NullPointerException">
      <![CDATA[java.lang.NullPointerException
	at java.util.Properties$LineReader.readLine(Properties.java:434)
	at java.util.Properties.load0(Properties.java:353)
	at java.util.Properties.load(Properties.java:341)
	at resources.Property_use.property(Property_use.java:27)
	at maven_package_1.Test_default_template_for_update_LinuxONE.Default_template_LinuxONE_update(Test_default_template_for_update_LinuxONE.java:39)
... Removed 34 stack frames]]>
    </failure>
  </testcase> <!-- Default_template_LinuxONE_update -->
  <testcase name="Default_template_LinuxONE_update" time="0.0" classname="maven_package_1.Test_default_template_for_update_system_storage">
    <failure type="java.lang.NullPointerException">
      <![CDATA[java.lang.NullPointerException
	at java.util.Properties$LineReader.readLine(Properties.java:434)
	at java.util.Properties.load0(Properties.java:353)
	at java.util.Properties.load(Properties.java:341)
	at resources.Property_use.property(Property_use.java:27)
	at maven_package_1.Test_default_template_for_update_system_storage.Default_template_LinuxONE_update(Test_default_template_for_update_system_storage.java:39)
... Removed 34 stack frames]]>
    </failure>
  </testcase> <!-- Default_template_LinuxONE_update -->
  <testcase name="f_proxy_voting_linuxOne" time="0.016" classname="maven_package_2.Test_proxy_voting_linuxOne">
    <failure type="java.lang.NullPointerException">
      <![CDATA[java.lang.NullPointerException
	at java.util.Properties$LineReader.readLine(Properties.java:434)
	at java.util.Properties.load0(Properties.java:353)
	at java.util.Properties.load(Properties.java:341)
	at maven_package_2.Test_proxy_voting_linuxOne.f_proxy_voting_linuxOne(Test_proxy_voting_linuxOne.java:47)
... Removed 34 stack frames]]>
    </failure>
  </testcase> <!-- f_proxy_voting_linuxOne -->
  <testcase name="f_proxy_voting_power" time="0.0" classname="maven_package_2.Test_proxy_voting_power">
    <failure type="java.lang.NullPointerException">
      <![CDATA[java.lang.NullPointerException
	at java.util.Properties$LineReader.readLine(Properties.java:434)
	at java.util.Properties.load0(Properties.java:353)
	at java.util.Properties.load(Properties.java:341)
	at maven_package_2.Test_proxy_voting_power.f_proxy_voting_power(Test_proxy_voting_power.java:47)
... Removed 34 stack frames]]>
    </failure>
  </testcase> <!-- f_proxy_voting_power -->
  <testcase name="f_proxy_voting_ss" time="0.016" classname="maven_package_2.Test_proxy_voting_ss">
    <failure type="java.lang.NullPointerException">
      <![CDATA[java.lang.NullPointerException
	at java.util.Properties$LineReader.readLine(Properties.java:434)
	at java.util.Properties.load0(Properties.java:353)
	at java.util.Properties.load(Properties.java:341)
	at maven_package_2.Test_proxy_voting_ss.f_proxy_voting_ss(Test_proxy_voting_ss.java:47)
... Removed 34 stack frames]]>
    </failure>
  </testcase> <!-- f_proxy_voting_ss -->
  <testcase name="f_2842_linuxOne" time="0.0" classname="maven_package_2.Testcase2842_linuxOne">
    <failure type="java.lang.NullPointerException">
      <![CDATA[java.lang.NullPointerException
	at java.util.Properties$LineReader.readLine(Properties.java:434)
	at java.util.Properties.load0(Properties.java:353)
	at java.util.Properties.load(Properties.java:341)
	at maven_package_2.Testcase2842_linuxOne.f_2842_linuxOne(Testcase2842_linuxOne.java:45)
... Removed 34 stack frames]]>
    </failure>
  </testcase> <!-- f_2842_linuxOne -->
</testsuite> <!-- Command line test -->
