<?xml version="1.0" encoding="UTF-8" ?>
<testsuite failures="1" time="12.277" errors="0" skipped="93" tests="94" name="TestSuite">
  <properties>
[...]
</properties>
  <testcase time="0" classname="maven_package_1.Test_GPP_Validation_System_storage" name="gpp_validation_system">
    <failure message="no such window: target window already closed
from unknown error: web view not found
  (Session info: chrome=52.0.2743.116)
  (Driver info: chromedriver=2.11.298604 (75ea2fdb5c87f133a8e1b8da16f6091fb7d5321e),platform=Windows NT 6.1 SP1 x86_64) (WARNING: The server did not provide any stacktrace information)
Command duration or timeout: 5 milliseconds
Build info: version: &apos;2.53.1&apos;, revision: &apos;a36b8b1cd5757287168e54b817830adce9b0158d&apos;, time: &apos;2016-06-30 19:26:09&apos;
System info: host: &apos;ADMINIB-D2MM1F7&apos;, ip: &apos;9.84.225.135&apos;, os.name: &apos;Windows 7&apos;, os.arch: &apos;amd64&apos;, os.version: &apos;6.1&apos;, java.version: &apos;1.7.0_51&apos;
*** Element info: {Using=id, value=username}
Session ID: 780cdaba81be88791e26f4d79f96070c
Driver info: org.openqa.selenium.chrome.ChromeDriver
Capabilities [{platform=XP, acceptSslCerts=true, javascriptEnabled=true, browserName=chrome, chrome={userDataDir=C:\Users\IBM_AD~1\AppData\Local\Temp\scoped_dir2160_18287}, rotatable=false, locationContextEnabled=true, mobileEmulationEnabled=false, version=52.0.2743.116, takesHeapSnapshot=true, cssSelectorsEnabled=true, databaseEnabled=false, handlesAlerts=true, browserConnectionEnabled=false, webStorageEnabled=true, nativeEvents=true, applicationCacheEnabled=false, takesScreenshot=true}]" type="org.openqa.selenium.NoSuchWindowException">org.openqa.selenium.NoSuchWindowException: no such window: target window already closed
from unknown error: web view not found
  (Session info: chrome=52.0.2743.116)
  (Driver info: chromedriver=2.11.298604 (75ea2fdb5c87f133a8e1b8da16f6091fb7d5321e),platform=Windows NT 6.1 SP1 x86_64) (WARNING: The server did not provide any stacktrace information)
Command duration or timeout: 5 milliseconds
Build info: version: &apos;2.53.1&apos;, revision: &apos;a36b8b1cd5757287168e54b817830adce9b0158d&apos;, time: &apos;2016-06-30 19:26:09&apos;
System info: host: &apos;ADMINIB-D2MM1F7&apos;, ip: &apos;9.84.225.135&apos;, os.name: &apos;Windows 7&apos;, os.arch: &apos;amd64&apos;, os.version: &apos;6.1&apos;, java.version: &apos;1.7.0_51&apos;
*** Element info: {Using=id, value=username}
Session ID: 780cdaba81be88791e26f4d79f96070c
Driver info: org.openqa.selenium.chrome.ChromeDriver
Capabilities [{platform=XP, acceptSslCerts=true, javascriptEnabled=true, browserName=chrome, chrome={userDataDir=C:\Users\IBM_AD~1\AppData\Local\Temp\scoped_dir2160_18287}, rotatable=false, locationContextEnabled=true, mobileEmulationEnabled=false, version=52.0.2743.116, takesHeapSnapshot=true, cssSelectorsEnabled=true, databaseEnabled=false, handlesAlerts=true, browserConnectionEnabled=false, webStorageEnabled=true, nativeEvents=true, applicationCacheEnabled=false, takesScreenshot=true}]
	at sun.reflect.NativeConstructorAccessorImpl.newInstance0(Native Method)
	at sun.reflect.NativeConstructorAccessorImpl.newInstance(NativeConstructorAccessorImpl.java:57)
	at sun.reflect.DelegatingConstructorAccessorImpl.newInstance(DelegatingConstructorAccessorImpl.java:45)
	at java.lang.reflect.Constructor.newInstance(Constructor.java:526)
	at org.openqa.selenium.remote.ErrorHandler.createThrowable(ErrorHandler.java:206)
	at org.openqa.selenium.remote.ErrorHandler.throwIfResponseFailed(ErrorHandler.java:158)
	at org.openqa.selenium.remote.RemoteWebDriver.execute(RemoteWebDriver.java:678)
	at org.openqa.selenium.remote.RemoteWebDriver.findElement(RemoteWebDriver.java:363)
	at org.openqa.selenium.remote.RemoteWebDriver.findElementById(RemoteWebDriver.java:413)
	at org.openqa.selenium.By$ById.findElement(By.java:218)
	at org.openqa.selenium.remote.RemoteWebDriver.findElement(RemoteWebDriver.java:355)
	at resources.Test_Login.login_bp(Test_Login.java:33)
	at maven_package_1.Test_GPP_Validation_System_storage.gpp_validation_system(Test_GPP_Validation_System_storage.java:53)
</failure>
    <system-err>Starting ChromeDriver (v2.11.298604 (75ea2fdb5c87f133a8e1b8da16f6091fb7d5321e)) on port 39195
Only local connections are allowed.
log4j:WARN No appenders could be found for logger (org.apache.http.client.protocol.RequestAddCookies).
log4j:WARN Please initialize the log4j system properly.
[10.011][SEVERE]: Unable to receive message from renderer
</system-err>
  </testcase>
  <testcase time="0.003" classname="maven_package_1.Test_GPP_Validation_System_storage" name="Default_template_LinuxONE_update">
    <skipped/>
  </testcase>
  <testcase time="0" classname="maven_package_2.TestAddComment" name="f">
    <skipped/>
  </testcase>
  <testcase time="0" classname="maven_package_2.TestCase2842" name="f_2842">
    <skipped/>
  </testcase>
  <testcase time="0.003" classname="maven_package_2.TestCase2842_power" name="f_2842_power">
    <skipped/>
  </testcase>
  <testcase time="0" classname="maven_package_2.TestCase3497" name="f_3497">
    <skipped/>
  </testcase>
  <testcase time="0" classname="maven_package_2.TestCase3497_linuxOne" name="f_3497_linuxOne">
    <skipped/>
  </testcase>
  <testcase time="0.001" classname="maven_package_2.TestCase3497_power" name="f_3497_power">
    <skipped/>
  </testcase>
  <testcase time="0" classname="maven_package_2.TestCase3505" name="f_3505">
    <skipped/>
  </testcase>
  <testcase time="0" classname="maven_package_2.TestCase3505_LinuxOne" name="f_3505_LinuxOne">
    <skipped/>
  </testcase>
  <testcase time="0" classname="maven_package_2.TestCase3505_power" name="f_3505_power">
    <skipped/>
  </testcase>
  <testcase time="0" classname="maven_package_2.TestCode" name="f">
    <skipped/>
  </testcase>
  <testcase time="0" classname="maven_package_1.Test_BlanketCheck_cannot_Reassigned" name="Blanket_checked_cannot_be_reassigned">
    <skipped/>
  </testcase>
  <testcase time="0" classname="maven_package_2.Test_BlanketMicroflow" name="f_BlanketMicroflow">
    <skipped/>
  </testcase>
  <testcase time="0" classname="maven_package_2.Test_BlanketMicroflow_linuxOne" name="f_BlanketMicroflow_linuxOne">
    <skipped/>
  </testcase>
  <testcase time="0" classname="maven_package_2.Test_BlanketMicroflow_ps" name="f_BlanketMicroflow_ps">
    <skipped/>
  </testcase>
  <testcase time="0" classname="maven_package_1.Test_DealReg_cannot_BlnktComplete" name="DRR_cannot_Blanket_complete">
    <skipped/>
  </testcase>
  <testcase time="0" classname="maven_package_1.Test_DealReg_cannot_DupeComplete" name="DRR_cannot_Dupe_complete">
    <skipped/>
  </testcase>
  <testcase time="0" classname="maven_package_1.Test_DealReg_cannot_IGSResponse" name="DRR_cannot_IGS_Response">
    <skipped/>
  </testcase>
  <testcase time="0" classname="maven_package_1.Test_DupeReview_cannot_Reassigned" name="Dupe_Review_cannot_be_reassigned">
    <skipped/>
  </testcase>
  <testcase time="0" classname="maven_package_1.Test_Email_Notification_Blanket_ps" name="Email_Notify_Blanket_PS">
    <skipped/>
  </testcase>
  <testcase time="0" classname="maven_package_1.Test_Email_Notification_Dupe" name="Email_Notify_Dupe">
    <skipped/>
  </testcase>
  <testcase time="0" classname="maven_package_1.Test_Email_Notification_IGS" name="Email_Notify_IGS">
    <skipped/>
  </testcase>
  <testcase time="0" classname="maven_package_1.Test_Email_Notification_MSAcomp" name="Email_Notify_MSA_complete">
    <skipped/>
  </testcase>
  <testcase time="0" classname="maven_package_1.Test_Email_Notification_initial" name="Email_Notify_IR">
    <skipped/>
  </testcase>
  <testcase time="0" classname="maven_package_1.Test_FederalCheck_cannot_Reassigned" name="Federal_Check_cannot_be_reassigned">
    <skipped/>
  </testcase>
  <testcase time="0" classname="maven_package_1.Test_Federal_resp_comments" name="Federal_Response_comments">
    <skipped/>
  </testcase>
  <testcase time="0" classname="maven_package_1.Test_Form_moving_to_Initial_Review_LinuxONE" name="IR_created_linuxone">
    <skipped/>
  </testcase>
  <testcase time="0" classname="maven_package_1.Test_Form_moving_to_Initial_Review_Powersystem" name="IR_created_powersystem">
    <skipped/>
  </testcase>
  <testcase time="0" classname="maven_package_1.Test_Form_moving_to_Initial_Review_systemstorage" name="IR_created_systemstorage">
    <skipped/>
  </testcase>
  <testcase time="0" classname="maven_package_1.Test_GPP_Validation_Power_System" name="gpp_validation">
    <skipped/>
  </testcase>
  <testcase time="0" classname="maven_package_1.Test_GPP_Validation_System_storage" name="gpp_validation_system">
    <skipped/>
  </testcase>
  <testcase time="0" classname="maven_package_1.Test_HA_comp_comments" name="HA_complete_comments">
    <skipped/>
  </testcase>
  <testcase time="0" classname="maven_package_1.Test_IGSApproval_cannotbeReassigned_withoutIGS" name="IGS_Approval_cannot_Reassigned">
    <skipped/>
  </testcase>
  <testcase time="0" classname="maven_package_1.Test_IGS_resp_comments" name="IGS_response_comments">
    <skipped/>
  </testcase>
  <testcase time="0" classname="maven_package_3.Test_Incomplete_LinuxONE" name="Inc_LinuxONE">
    <skipped/>
  </testcase>
  <testcase time="0" classname="maven_package_3.Test_Incomplete_Power_system" name="Inc_powersystem">
    <skipped/>
  </testcase>
  <testcase time="0" classname="maven_package_1.Test_Incomplete_reprocess_system_storage" name="Inc_systemstorage">
    <skipped/>
  </testcase>
  <testcase time="0" classname="maven_package_1.Test_Incomplete_reprocess_system_storage" name="Test_Inc_Rep">
    <skipped/>
  </testcase>
  <testcase time="0" classname="maven_package_3.Test_Incomplete_System_storage" name="Inc_systemstorage">
    <skipped/>
  </testcase>
  <testcase time="0" classname="maven_package_1.Test_InitialReview_cannot_Reassigned" name="IR_cannot_be_reassigned">
    <skipped/>
  </testcase>
  <testcase time="0" classname="maven_package_1.Test_Submit_Extension_form_powersystem" name="login_bp">
    <skipped/>
  </testcase>
  <testcase time="0" classname="maven_package_1.Test_Submit_Extension_form_powersystem" name="login_w3">
    <skipped/>
  </testcase>
  <testcase time="0" classname="maven_package_1.Test_Submit_Extension_form_powersystem" name="Submit_extension_powersystem">
    <skipped/>
  </testcase>
  <testcase time="0" classname="maven_package_1.Test_default_template_for_extend_power_system" name="login_bp">
    <skipped/>
  </testcase>
  <testcase time="0" classname="maven_package_1.Test_default_template_for_extend_power_system" name="login_w3">
    <skipped/>
  </testcase>
  <testcase time="0" classname="maven_package_1.Test_default_template_for_extend_power_system" name="Default_template_power_extend">
    <skipped/>
  </testcase>
  <testcase time="0" classname="resources.Test_Login" name="login_bp">
    <skipped/>
  </testcase>
  <testcase time="0" classname="resources.Test_Login" name="login_w3">
    <skipped/>
  </testcase>
  <testcase time="0" classname="maven_package_1.Test_MSACheck_cannotbeReassigned_toHosting" name="MSA_Check_cannot_reassigned">
    <skipped/>
  </testcase>
  <testcase time="0" classname="maven_package_1.Test_MSA_comp_comments" name="MSA_complete_comments">
    <skipped/>
  </testcase>
  <testcase time="0" classname="maven_package_2.Test_MSA_microflow" name="f_MSA_microflow">
    <skipped/>
  </testcase>
  <testcase time="0" classname="maven_package_2.Test_MSA_microflow_linuxOne" name="f_MSA_microflow_linuxOne">
    <skipped/>
  </testcase>
  <testcase time="0" classname="maven_package_2.Test_MSA_microflow_ps" name="f_MSA_microflow_ps">
    <skipped/>
  </testcase>
  <testcase time="0" classname="maven_package_3.Test_Rejecetd_LinuxONE" name="Rej_linuxone">
    <skipped/>
  </testcase>
  <testcase time="0" classname="maven_package_3.Test_Rejected_Power_system" name="Rej_powersystem">
    <skipped/>
  </testcase>
  <testcase time="0" classname="maven_package_1.Test_Rejected_reprocess_LinuxONE" name="Test_Rej_linuxone">
    <skipped/>
  </testcase>
  <testcase time="0" classname="maven_package_1.Test_Rejected_reprocess_power_system" name="Test_Rej_Rep">
    <skipped/>
  </testcase>
  <testcase time="0" classname="maven_package_3.Test_Rejected_system_storage" name="Rej_linuxone">
    <skipped/>
  </testcase>
  <testcase time="0" classname="maven_package_1.Test_Request_ID_in_Manage_Tasks_tab" name="Request_id_manage_tasks">
    <skipped/>
  </testcase>
  <testcase time="0" classname="maven_package_1.Test_Request_ID_in_Tasks_tab" name="Request_id_tasks">
    <skipped/>
  </testcase>
  <testcase time="0" classname="maven_package_1.Test_Submit_Extension_form_LinuxONE" name="Submit_extension_LinuxONE">
    <skipped/>
  </testcase>
  <testcase time="0" classname="maven_package_1.Test_Submit_Extension_form_systemstorage" name="Submit_extension_systemstorage">
    <skipped/>
  </testcase>
  <testcase time="0" classname="maven_package_3.Test_System_timer_Initial_Review_for_IBM_Input_LinuxONE" name="System_timer_LinuxONE">
    <skipped/>
  </testcase>
  <testcase time="0" classname="maven_package_3.Test_System_timer_Initial_Review_for_IBM_Input_Powersystem" name="SystemTimer_Powersystem">
    <skipped/>
  </testcase>
  <testcase time="0" classname="maven_package_3.Test_System_timer_Initial_Review_for_IBM_Input_Systemstorage" name="SystemTimer_Systemstorage">
    <skipped/>
  </testcase>
  <testcase time="0" classname="maven_package_1.Test_Update_LinuxONE" name="test_upd_from_app_linuxone">
    <skipped/>
  </testcase>
  <testcase time="0" classname="maven_package_1.Test_Update_Power_system" name="test_upd_from_app_PS">
    <skipped/>
  </testcase>
  <testcase time="0" classname="maven_package_1.Test_Update_System_storage" name="test_upd_from_app_SS">
    <skipped/>
  </testcase>
  <testcase time="0" classname="maven_package_1.Test_approve_ps" name="approve_power_system">
    <skipped/>
  </testcase>
  <testcase time="0" classname="maven_package_2.Test_approve_ps" name="f_proxy_voting_power">
    <skipped/>
  </testcase>
  <testcase time="0" classname="maven_package_1.Test_blanket_comp_comments" name="blanket_complete_comments">
    <skipped/>
  </testcase>
  <testcase time="0" classname="maven_package_1.Test_default_template_for_update_LinuxONE" name="Default_template_LinuxONE_update">
    <skipped/>
  </testcase>
  <testcase time="0" classname="maven_package_1.Test_default_template_for_update_system_storage" name="Default_template_LinuxONE_update">
    <skipped/>
  </testcase>
  <testcase time="0" classname="maven_package_1.Test_dupe_comp_comments" name="Dupe_complete_complete">
    <skipped/>
  </testcase>
  <testcase time="0" classname="maven_package_1.Test_dupli_HA_comp_cmnts" name="dupli_HA_complete_comments">
    <skipped/>
  </testcase>
  <testcase time="0" classname="maven_package_2.Test_proxy_voting_linuxOne" name="f_proxy_voting_linuxOne">
    <skipped/>
  </testcase>
  <testcase time="0" classname="maven_package_2.Test_proxy_voting_power" name="f_proxy_voting_power">
    <skipped/>
  </testcase>
  <testcase time="0" classname="maven_package_2.Test_proxy_voting_ss" name="f_proxy_voting_ss">
    <skipped/>
  </testcase>
  <testcase time="0" classname="maven_package_1.Test_reg_approve_ss" name="Email_notify_Approve_system_storage">
    <skipped/>
  </testcase>
  <testcase time="0" classname="maven_package_1.Test_reg_expire_ps" name="Email_Notify_expire_ps">
    <skipped/>
  </testcase>
  <testcase time="0" classname="maven_package_1.Test_reg_expire_ss" name="Email_Notify_expire_ss">
    <skipped/>
  </testcase>
  <testcase time="0" classname="maven_package_1.Test_reg_inc_ps" name="Email_incomplete_PS">
    <skipped/>
  </testcase>
  <testcase time="0" classname="maven_package_1.Test_reg_inc_ss" name="Email_incomplete_SS">
    <skipped/>
  </testcase>
  <testcase time="0" classname="maven_package_1.Test_reg_submitted_ss" name="Email_submitted_SS">
    <skipped/>
  </testcase>
  <testcase time="0" classname="maven_package_1.Test_reg_withdrawn_ps" name="Email_withdrawn_PS">
    <skipped/>
  </testcase>
  <testcase time="0" classname="maven_package_1.Test_reg_withdrawn_ss" name="Email_withdrawn_SS">
    <skipped/>
  </testcase>
  <testcase time="0" classname="maven_package_1.Test_reprocess_app" name="Reprocess_Approved">
    <skipped/>
  </testcase>
  <testcase time="0" classname="maven_package_1.Test_reprocess_expire" name="Reprocess_Expire">
    <skipped/>
  </testcase>
  <testcase time="0" classname="maven_package_1.Test_reprocess_inc" name="Reprocess_Incomplete">
    <skipped/>
  </testcase>
  <testcase time="0" classname="maven_package_1.Test_reprocess_rej" name="Reprocess_Reject">
    <skipped/>
  </testcase>
  <testcase time="0" classname="maven_package_1.Test_reprocess_withdrawn" name="Reprocess_withdrawn">
    <skipped/>
  </testcase>
  <testcase time="0" classname="maven_package_1.Test_submitted_ps" name="Email_Submitted_PS">
    <skipped/>
  </testcase>
  <testcase time="0" classname="maven_package_2.Testcase2842_linuxOne" name="f_2842_linuxOne">
    <skipped/>
  </testcase>
</testsuite>