<?xml version="1.0" encoding="UTF-8"?>
<!-- Generated by org.testng.reporters.JUnitXMLReporter -->
<testsuite hostname="ADMINIB-D2MM1F7" name="FirefoxTest" tests="1" failures="0" timestamp="17 May 2015 17:38:21 GMT" time="51.942" errors="0">
  <testcase name="@BeforeTest setup" time="0.0" classname="Maven_package.Test_CrossBrowser">
    <failure type="org.openqa.selenium.WebDriverException" message="Failed to connect to binary FirefoxBinary(C:\Program Files (x86)\Mozilla Firefox\firefox.exe) on port 7055; process output follows: 
	DEBUG	Save changes
1431884290732	DeferredSave.extensions.json	DEBUG	Save changes
1431884290732	addons.xpi	DEBUG	New add-on ietab@ip.cn installed in app-profile
1431884290733	addons.xpi-utils	DEBUG	Make addon app-profile:ietab@ip.cn visible
1431884290733	DeferredSave.extensions.json	DEBUG	Save changes
1431884290733	DeferredSave.extensions.json	DEBUG	Save changes
1431884290733	addons.xpi	DEBUG	New add-on langpack-en-US@firefox.mozilla.org installed in app-profile
1431884290733	addons.xpi-utils	DEBUG	Make addon app-profile:langpack-en-US@firefox.mozilla.org visible
1431884290733	DeferredSave.extensions.json	DEBUG	Save changes
1431884290733	DeferredSave.extensions.json	DEBUG	Save changes
1431884290736	addons.xpi	DEBUG	New add-on langpack-fr@firefox.mozilla.org installed in app-profile
1431884290736	addons.xpi-utils	DEBUG	Make addon app-profile:langpack-fr@firefox.mozilla.org visible
1431884290736	DeferredSave.extensions.json	DEBUG	Save changes
1431884290736	DeferredSave.extensions.json	DEBUG	Save changes
1431884290736	addons.xpi	DEBUG	New add-on langpack-ja@firefox.mozilla.org installed in app-profile
1431884290736	addons.xpi-utils	DEBUG	Make addon app-profile:langpack-ja@firefox.mozilla.org visible
1431884290736	DeferredSave.extensions.json	DEBUG	Save changes
1431884290736	DeferredSave.extensions.json	DEBUG	Save changes
1431884290737	addons.xpi	DEBUG	New add-on langpack-ko@firefox.mozilla.org installed in app-profile
1431884290737	addons.xpi-utils	DEBUG	Make addon app-profile:langpack-ko@firefox.mozilla.org visible
1431884290737	DeferredSave.extensions.json	DEBUG	Save changes
1431884290737	DeferredSave.extensions.json	DEBUG	Save changes
1431884290737	addons.xpi	DEBUG	New add-on langpack-zh-CN@firefox.mozilla.org installed in app-profile
1431884290737	addons.xpi-utils	DEBUG	Make addon app-profile:langpack-zh-CN@firefox.mozilla.org visible
1431884290737	DeferredSave.extensions.json	DEBUG	Save changes
1431884290737	DeferredSave.extensions.json	DEBUG	Save changes
1431884290738	addons.xpi	DEBUG	New add-on langpack-zh-TW@firefox.mozilla.org installed in app-profile
1431884290738	addons.xpi-utils	DEBUG	Make addon app-profile:langpack-zh-TW@firefox.mozilla.org visible
1431884290738	DeferredSave.extensions.json	DEBUG	Save changes
1431884290738	DeferredSave.extensions.json	DEBUG	Save changes
1431884290738	addons.xpi	DEBUG	New add-on {25A1388B-6B18-46c3-BEBA-A81915D0DE8F} installed in app-profile
1431884290739	addons.xpi-utils	DEBUG	Make addon app-profile:{25A1388B-6B18-46c3-BEBA-A81915D0DE8F} visible
1431884290739	DeferredSave.extensions.json	DEBUG	Save changes
1431884290739	DeferredSave.extensions.json	DEBUG	Save changes
1431884290739	addons.xpi	DEBUG	New add-on {972ce4c6-7e08-4474-a285-3208198ce6fd} installed in app-global
1431884290786	addons.xpi-utils	DEBUG	Make addon app-global:{972ce4c6-7e08-4474-a285-3208198ce6fd} visible
1431884290786	DeferredSave.extensions.json	DEBUG	Save changes
1431884290786	DeferredSave.extensions.json	DEBUG	Save changes
1431884291781	addons.xpi	DEBUG	Updating database with changes to installed add-ons
1431884291781	addons.xpi-utils	DEBUG	Updating add-on states
1431884291786	addons.xpi-utils	DEBUG	Writing add-ons list
1431884293431	DeferredSave.extensions.json	DEBUG	Starting timer
1431884293437	addons.repository	DEBUG	No addons.json found.
1431884293437	DeferredSave.addons.json	DEBUG	Save changes
1431884293457	DeferredSave.addons.json	DEBUG	Starting timer
1431884293464	DeferredSave.extensions.json	DEBUG	Starting write
1431884293535	addons.manager	DEBUG	shutdown
1431884293535	addons.xpi	DEBUG	shutdown
1431884293535	addons.xpi-utils	DEBUG	shutdown
1431884293538	DeferredSave.addons.json	DEBUG	Starting write
1431884293656	DeferredSave.extensions.json	DEBUG	Write succeeded
1431884293657	addons.xpi-utils	DEBUG	XPI Database saved, setting schema version preference to 16
1431884293658	addons.xpi	DEBUG	Notifying XPI shutdown observers
1431884293680	DeferredSave.addons.json	DEBUG	Write succeeded
1431884293681	addons.manager	DEBUG	Async provider shutdown done

Build info: version: &amp;apos;2.45.0&amp;apos;, revision: &amp;apos;5017cb8e7ca8e37638dc3091b2440b90a1d8686f&amp;apos;, time: &amp;apos;2015-02-27 09:10:26&amp;apos;
System info: host: &amp;apos;ADMINIB-D2MM1F7&amp;apos;, ip: &amp;apos;192.168.43.180&amp;apos;, os.name: &amp;apos;Windows 7&amp;apos;, os.arch: &amp;apos;amd64&amp;apos;, os.version: &amp;apos;6.1&amp;apos;, java.version: &amp;apos;1.7.0_51&amp;apos;
Driver info: driver.version: FirefoxDriver">
      <![CDATA[org.openqa.selenium.WebDriverException: Failed to connect to binary FirefoxBinary(C:\Program Files (x86)\Mozilla Firefox\firefox.exe) on port 7055; process output follows: 
	DEBUG	Save changes
1431884290732	DeferredSave.extensions.json	DEBUG	Save changes
1431884290732	addons.xpi	DEBUG	New add-on ietab@ip.cn installed in app-profile
1431884290733	addons.xpi-utils	DEBUG	Make addon app-profile:ietab@ip.cn visible
1431884290733	DeferredSave.extensions.json	DEBUG	Save changes
1431884290733	DeferredSave.extensions.json	DEBUG	Save changes
1431884290733	addons.xpi	DEBUG	New add-on langpack-en-US@firefox.mozilla.org installed in app-profile
1431884290733	addons.xpi-utils	DEBUG	Make addon app-profile:langpack-en-US@firefox.mozilla.org visible
1431884290733	DeferredSave.extensions.json	DEBUG	Save changes
1431884290733	DeferredSave.extensions.json	DEBUG	Save changes
1431884290736	addons.xpi	DEBUG	New add-on langpack-fr@firefox.mozilla.org installed in app-profile
1431884290736	addons.xpi-utils	DEBUG	Make addon app-profile:langpack-fr@firefox.mozilla.org visible
1431884290736	DeferredSave.extensions.json	DEBUG	Save changes
1431884290736	DeferredSave.extensions.json	DEBUG	Save changes
1431884290736	addons.xpi	DEBUG	New add-on langpack-ja@firefox.mozilla.org installed in app-profile
1431884290736	addons.xpi-utils	DEBUG	Make addon app-profile:langpack-ja@firefox.mozilla.org visible
1431884290736	DeferredSave.extensions.json	DEBUG	Save changes
1431884290736	DeferredSave.extensions.json	DEBUG	Save changes
1431884290737	addons.xpi	DEBUG	New add-on langpack-ko@firefox.mozilla.org installed in app-profile
1431884290737	addons.xpi-utils	DEBUG	Make addon app-profile:langpack-ko@firefox.mozilla.org visible
1431884290737	DeferredSave.extensions.json	DEBUG	Save changes
1431884290737	DeferredSave.extensions.json	DEBUG	Save changes
1431884290737	addons.xpi	DEBUG	New add-on langpack-zh-CN@firefox.mozilla.org installed in app-profile
1431884290737	addons.xpi-utils	DEBUG	Make addon app-profile:langpack-zh-CN@firefox.mozilla.org visible
1431884290737	DeferredSave.extensions.json	DEBUG	Save changes
1431884290737	DeferredSave.extensions.json	DEBUG	Save changes
1431884290738	addons.xpi	DEBUG	New add-on langpack-zh-TW@firefox.mozilla.org installed in app-profile
1431884290738	addons.xpi-utils	DEBUG	Make addon app-profile:langpack-zh-TW@firefox.mozilla.org visible
1431884290738	DeferredSave.extensions.json	DEBUG	Save changes
1431884290738	DeferredSave.extensions.json	DEBUG	Save changes
1431884290738	addons.xpi	DEBUG	New add-on {25A1388B-6B18-46c3-BEBA-A81915D0DE8F} installed in app-profile
1431884290739	addons.xpi-utils	DEBUG	Make addon app-profile:{25A1388B-6B18-46c3-BEBA-A81915D0DE8F} visible
1431884290739	DeferredSave.extensions.json	DEBUG	Save changes
1431884290739	DeferredSave.extensions.json	DEBUG	Save changes
1431884290739	addons.xpi	DEBUG	New add-on {972ce4c6-7e08-4474-a285-3208198ce6fd} installed in app-global
1431884290786	addons.xpi-utils	DEBUG	Make addon app-global:{972ce4c6-7e08-4474-a285-3208198ce6fd} visible
1431884290786	DeferredSave.extensions.json	DEBUG	Save changes
1431884290786	DeferredSave.extensions.json	DEBUG	Save changes
1431884291781	addons.xpi	DEBUG	Updating database with changes to installed add-ons
1431884291781	addons.xpi-utils	DEBUG	Updating add-on states
1431884291786	addons.xpi-utils	DEBUG	Writing add-ons list
1431884293431	DeferredSave.extensions.json	DEBUG	Starting timer
1431884293437	addons.repository	DEBUG	No addons.json found.
1431884293437	DeferredSave.addons.json	DEBUG	Save changes
1431884293457	DeferredSave.addons.json	DEBUG	Starting timer
1431884293464	DeferredSave.extensions.json	DEBUG	Starting write
1431884293535	addons.manager	DEBUG	shutdown
1431884293535	addons.xpi	DEBUG	shutdown
1431884293535	addons.xpi-utils	DEBUG	shutdown
1431884293538	DeferredSave.addons.json	DEBUG	Starting write
1431884293656	DeferredSave.extensions.json	DEBUG	Write succeeded
1431884293657	addons.xpi-utils	DEBUG	XPI Database saved, setting schema version preference to 16
1431884293658	addons.xpi	DEBUG	Notifying XPI shutdown observers
1431884293680	DeferredSave.addons.json	DEBUG	Write succeeded
1431884293681	addons.manager	DEBUG	Async provider shutdown done

Build info: version: '2.45.0', revision: '5017cb8e7ca8e37638dc3091b2440b90a1d8686f', time: '2015-02-27 09:10:26'
System info: host: 'ADMINIB-D2MM1F7', ip: '192.168.43.180', os.name: 'Windows 7', os.arch: 'amd64', os.version: '6.1', java.version: '1.7.0_51'
Driver info: driver.version: FirefoxDriver
	at org.openqa.selenium.firefox.internal.NewProfileExtensionConnection.start(NewProfileExtensionConnection.java:134)
	at org.openqa.selenium.firefox.FirefoxDriver.startClient(FirefoxDriver.java:246)
	at org.openqa.selenium.remote.RemoteWebDriver.<init>(RemoteWebDriver.java:114)
	at org.openqa.selenium.firefox.FirefoxDriver.<init>(FirefoxDriver.java:191)
	at org.openqa.selenium.firefox.FirefoxDriver.<init>(FirefoxDriver.java:186)
	at org.openqa.selenium.firefox.FirefoxDriver.<init>(FirefoxDriver.java:182)
	at org.openqa.selenium.firefox.FirefoxDriver.<init>(FirefoxDriver.java:95)
	at Maven_package.Test_CrossBrowser.setup(Test_CrossBrowser.java:30)
	at java.util.concurrent.FutureTask.run(Unknown Source)
	at java.util.concurrent.ThreadPoolExecutor.runWorker(Unknown Source)
	at java.util.concurrent.ThreadPoolExecutor$Worker.run(Unknown Source)
	at java.lang.Thread.run(Unknown Source)
Caused by: org.openqa.selenium.WebDriverException: java.lang.InterruptedException: Process timed out after waiting for 45000 ms.
Build info: version: '2.45.0', revision: '5017cb8e7ca8e37638dc3091b2440b90a1d8686f', time: '2015-02-27 09:10:26'
System info: host: 'ADMINIB-D2MM1F7', ip: '192.168.43.180', os.name: 'Windows 7', os.arch: 'amd64', os.version: '6.1', java.version: '1.7.0_51'
Driver info: driver.version: FirefoxDriver
	at org.openqa.selenium.os.CommandLine.waitFor(CommandLine.java:131)
	at org.openqa.selenium.firefox.FirefoxBinary.waitFor(FirefoxBinary.java:222)
	at org.openqa.selenium.firefox.FirefoxBinary.clean(FirefoxBinary.java:242)
	at org.openqa.selenium.firefox.internal.NewProfileExtensionConnection.start(NewProfileExtensionConnection.java:91)
	... 25 more
Caused by: java.lang.InterruptedException: Process timed out after waiting for 45000 ms.
	at org.openqa.selenium.os.UnixProcess.waitFor(UnixProcess.java:148)
	at org.openqa.selenium.os.CommandLine.waitFor(CommandLine.java:129)
	... 28 more
... Removed 14 stack frames]]>
    </failure>
  </testcase> <!-- @BeforeTest setup -->
  <testcase name="testParameterWithXML" time="0.01" classname="Maven_package.Test_CrossBrowser">
    <skipped/>
  </testcase> <!-- testParameterWithXML -->
</testsuite> <!-- FirefoxTest -->
